2002.06.29 11:31 B C:\jes\jGraph\chartXY$1.class --> towel.cs.utexas.edu /u/kstanley/proposaldir/jneatcommon/jes/jGraph chartXY$1.class
2002.06.29 11:31 B C:\jes\jGraph\chartXY.class --> towel.cs.utexas.edu /u/kstanley/proposaldir/jneatcommon/jes/jGraph chartXY.class
2002.06.29 11:31 B C:\jes\jGraph\chartXY.java --> towel.cs.utexas.edu /u/kstanley/proposaldir/jneatcommon/jes/jGraph chartXY.java
2002.06.29 11:31 B C:\jes\jGraph\chartXY.java~ --> towel.cs.utexas.edu /u/kstanley/proposaldir/jneatcommon/jes/jGraph chartXY.java~
2002.06.29 11:31 B C:\jes\jGraph\code.class --> towel.cs.utexas.edu /u/kstanley/proposaldir/jneatcommon/jes/jGraph code.class
2002.06.29 11:31 B C:\jes\jGraph\code.java --> towel.cs.utexas.edu /u/kstanley/proposaldir/jneatcommon/jes/jGraph code.java
2002.06.29 11:31 B C:\jes\jGraph\COMP.BAT --> towel.cs.utexas.edu /u/kstanley/proposaldir/jneatcommon/jes/jGraph COMP.BAT
2002.06.29 11:31 B C:\jes\jGraph\compila.sh --> towel.cs.utexas.edu /u/kstanley/proposaldir/jneatcommon/jes/jGraph compila.sh
2002.06.29 11:31 B C:\jes\jGraph\compilall.sh --> towel.cs.utexas.edu /u/kstanley/proposaldir/jneatcommon/jes/jGraph compilall.sh
2002.06.29 11:31 B C:\jes\jGraph\compilall.sh~ --> towel.cs.utexas.edu /u/kstanley/proposaldir/jneatcommon/jes/jGraph compilall.sh~
2002.06.29 11:31 B C:\jes\jGraph\Edge.class --> towel.cs.utexas.edu /u/kstanley/proposaldir/jneatcommon/jes/jGraph Edge.class
2002.06.29 11:31 B C:\jes\jGraph\Edge.java --> towel.cs.utexas.edu /u/kstanley/proposaldir/jneatcommon/jes/jGraph Edge.java
2002.06.29 11:31 B C:\jes\jGraph\GrafRoutine.class --> towel.cs.utexas.edu /u/kstanley/proposaldir/jneatcommon/jes/jGraph GrafRoutine.class
2002.06.29 11:31 B C:\jes\jGraph\GrafRoutine.java --> towel.cs.utexas.edu /u/kstanley/proposaldir/jneatcommon/jes/jGraph GrafRoutine.java
2002.06.29 11:31 B C:\jes\jGraph\graph.java --> towel.cs.utexas.edu /u/kstanley/proposaldir/jneatcommon/jes/jGraph graph.java
2002.06.29 11:32 B C:\jes\jGraph\mXY.class --> towel.cs.utexas.edu /u/kstanley/proposaldir/jneatcommon/jes/jGraph mXY.class
2002.06.29 11:35 B C:\jes\jGraph\chartXY$1.class --> towel.cs.utexas.edu /u/kstanley/proposaldir/jneatcommon/jes/jGraph chartXY$1.class
2002.06.29 11:35 B C:\jes\jGraph\chartXY.class --> towel.cs.utexas.edu /u/kstanley/proposaldir/jneatcommon/jes/jGraph chartXY.class
2002.06.29 11:35 B C:\jes\jGraph\chartXY.java --> towel.cs.utexas.edu /u/kstanley/proposaldir/jneatcommon/jes/jGraph chartXY.java
2002.06.29 11:35 B C:\jes\jGraph\chartXY.java~ --> towel.cs.utexas.edu /u/kstanley/proposaldir/jneatcommon/jes/jGraph chartXY.java~
2002.06.29 11:35 B C:\jes\jGraph\code.class --> towel.cs.utexas.edu /u/kstanley/proposaldir/jneatcommon/jes/jGraph code.class
2002.06.29 11:35 B C:\jes\jGraph\code.java --> towel.cs.utexas.edu /u/kstanley/proposaldir/jneatcommon/jes/jGraph code.java
2002.06.29 11:35 B C:\jes\jGraph\COMP.BAT --> towel.cs.utexas.edu /u/kstanley/proposaldir/jneatcommon/jes/jGraph COMP.BAT
2002.06.29 11:35 B C:\jes\jGraph\compila.sh --> towel.cs.utexas.edu /u/kstanley/proposaldir/jneatcommon/jes/jGraph compila.sh
2002.06.29 11:35 B C:\jes\jGraph\compilall.sh --> towel.cs.utexas.edu /u/kstanley/proposaldir/jneatcommon/jes/jGraph compilall.sh
2002.06.29 11:35 B C:\jes\jGraph\compilall.sh~ --> towel.cs.utexas.edu /u/kstanley/proposaldir/jneatcommon/jes/jGraph compilall.sh~
2002.06.29 11:35 B C:\jes\jGraph\Edge.class --> towel.cs.utexas.edu /u/kstanley/proposaldir/jneatcommon/jes/jGraph Edge.class
2002.06.29 11:35 B C:\jes\jGraph\Edge.java --> towel.cs.utexas.edu /u/kstanley/proposaldir/jneatcommon/jes/jGraph Edge.java
2002.06.29 11:35 B C:\jes\jGraph\GrafRoutine.class --> towel.cs.utexas.edu /u/kstanley/proposaldir/jneatcommon/jes/jGraph GrafRoutine.class
2002.06.29 11:35 B C:\jes\jGraph\GrafRoutine.java --> towel.cs.utexas.edu /u/kstanley/proposaldir/jneatcommon/jes/jGraph GrafRoutine.java
2002.06.29 11:35 B C:\jes\jGraph\graph.java --> towel.cs.utexas.edu /u/kstanley/proposaldir/jneatcommon/jes/jGraph graph.java
2002.06.29 11:35 B C:\jes\jGraph\mXY.class --> towel.cs.utexas.edu /u/kstanley/proposaldir/jneatcommon/jes/jGraph mXY.class
2002.06.29 11:35 B C:\jes\jGraph\mXY.java --> towel.cs.utexas.edu /u/kstanley/proposaldir/jneatcommon/jes/jGraph mXY.java
2002.06.29 11:35 B C:\jes\jGraph\order_code.class --> towel.cs.utexas.edu /u/kstanley/proposaldir/jneatcommon/jes/jGraph order_code.class
2002.06.29 11:35 B C:\jes\jGraph\order_code.java --> towel.cs.utexas.edu /u/kstanley/proposaldir/jneatcommon/jes/jGraph order_code.java
2002.06.29 11:35 B C:\jes\jGraph\order_inner.class --> towel.cs.utexas.edu /u/kstanley/proposaldir/jneatcommon/jes/jGraph order_inner.class
2002.06.29 11:35 B C:\jes\jGraph\order_inner.java --> towel.cs.utexas.edu /u/kstanley/proposaldir/jneatcommon/jes/jGraph order_inner.java
2002.06.29 11:35 B C:\jes\jGraph\planeXY.class --> towel.cs.utexas.edu /u/kstanley/proposaldir/jneatcommon/jes/jGraph planeXY.class
2002.06.29 11:35 B C:\jes\jGraph\planeXY.java --> towel.cs.utexas.edu /u/kstanley/proposaldir/jneatcommon/jes/jGraph planeXY.java
2002.06.29 11:35 B C:\jes\jGraph\RUN.BAT --> towel.cs.utexas.edu /u/kstanley/proposaldir/jneatcommon/jes/jGraph RUN.BAT
2002.06.29 11:35 B C:\jes\jGraph\run.sh --> towel.cs.utexas.edu /u/kstanley/proposaldir/jneatcommon/jes/jGraph run.sh
2002.06.29 11:35 B C:\jes\jGraph\run.sh~ --> towel.cs.utexas.edu /u/kstanley/proposaldir/jneatcommon/jes/jGraph run.sh~
2002.06.29 11:35 B C:\jes\jGraph\Structure.class --> towel.cs.utexas.edu /u/kstanley/proposaldir/jneatcommon/jes/jGraph Structure.class
2002.06.29 11:35 B C:\jes\jGraph\Structure.java --> towel.cs.utexas.edu /u/kstanley/proposaldir/jneatcommon/jes/jGraph Structure.java
2002.06.29 11:35 B C:\jes\jGraph\Vertex.class --> towel.cs.utexas.edu /u/kstanley/proposaldir/jneatcommon/jes/jGraph Vertex.class
2002.06.29 11:35 B C:\jes\jGraph\Vertex.java --> towel.cs.utexas.edu /u/kstanley/proposaldir/jneatcommon/jes/jGraph Vertex.java
