2002.06.29 11:31 B C:\jes\gui\bin_inp --> towel.cs.utexas.edu /u/kstanley/proposaldir/jneatcommon/jes/gui bin_inp
2002.06.29 11:31 B C:\jes\gui\bin_inp.class --> towel.cs.utexas.edu /u/kstanley/proposaldir/jneatcommon/jes/gui bin_inp.class
2002.06.29 11:31 B C:\jes\gui\bin_inp.java --> towel.cs.utexas.edu /u/kstanley/proposaldir/jneatcommon/jes/gui bin_inp.java
2002.06.29 11:31 B C:\jes\gui\COMP.BAT --> towel.cs.utexas.edu /u/kstanley/proposaldir/jneatcommon/jes/gui COMP.BAT
2002.06.29 11:31 B C:\jes\gui\COMP14.BAT --> towel.cs.utexas.edu /u/kstanley/proposaldir/jneatcommon/jes/gui COMP14.BAT
2002.06.29 11:31 B C:\jes\gui\COMPALL.BAT --> towel.cs.utexas.edu /u/kstanley/proposaldir/jneatcommon/jes/gui COMPALL.BAT
2002.06.29 11:31 B C:\jes\gui\compall14.BAT --> towel.cs.utexas.edu /u/kstanley/proposaldir/jneatcommon/jes/gui compall14.BAT
2002.06.29 11:31 B C:\jes\gui\compila.sh --> towel.cs.utexas.edu /u/kstanley/proposaldir/jneatcommon/jes/gui compila.sh
2002.06.29 11:31 B C:\jes\gui\compila.sh~ --> towel.cs.utexas.edu /u/kstanley/proposaldir/jneatcommon/jes/gui compila.sh~
2002.06.29 11:31 B C:\jes\gui\compilall.sh --> towel.cs.utexas.edu /u/kstanley/proposaldir/jneatcommon/jes/gui compilall.sh
2002.06.29 11:31 B C:\jes\gui\compilall.sh~ --> towel.cs.utexas.edu /u/kstanley/proposaldir/jneatcommon/jes/gui compilall.sh~
2002.06.29 11:31 B C:\jes\gui\Copy of COMPALL.BAT --> towel.cs.utexas.edu /u/kstanley/proposaldir/jneatcommon/jes/gui Copy of COMPALL.BAT
2002.06.29 11:31 B C:\jes\gui\Copy of RUN.BAT --> towel.cs.utexas.edu /u/kstanley/proposaldir/jneatcommon/jes/gui Copy of RUN.BAT
2002.06.29 11:31 B C:\jes\gui\Execution.class --> towel.cs.utexas.edu /u/kstanley/proposaldir/jneatcommon/jes/gui Execution.class
2002.06.29 11:31 B C:\jes\gui\Execution.java --> towel.cs.utexas.edu /u/kstanley/proposaldir/jneatcommon/jes/gui Execution.java
2002.06.29 11:31 B C:\jes\gui\f_bin_inp --> towel.cs.utexas.edu /u/kstanley/proposaldir/jneatcommon/jes/gui f_bin_inp
2002.06.29 11:31 B C:\jes\gui\f_inp_parity --> towel.cs.utexas.edu /u/kstanley/proposaldir/jneatcommon/jes/gui f_inp_parity
2002.06.29 11:31 B C:\jes\gui\f_out_parity --> towel.cs.utexas.edu /u/kstanley/proposaldir/jneatcommon/jes/gui f_out_parity
2002.06.29 11:31 B C:\jes\gui\f_xor_out --> towel.cs.utexas.edu /u/kstanley/proposaldir/jneatcommon/jes/gui f_xor_out
2002.06.29 11:31 B C:\jes\gui\fitness_parity.class --> towel.cs.utexas.edu /u/kstanley/proposaldir/jneatcommon/jes/gui fitness_parity.class
2002.06.29 11:31 B C:\jes\gui\fitness_parity.java --> towel.cs.utexas.edu /u/kstanley/proposaldir/jneatcommon/jes/gui fitness_parity.java
2002.06.29 11:31 B C:\jes\gui\Generation$1.class --> towel.cs.utexas.edu /u/kstanley/proposaldir/jneatcommon/jes/gui Generation$1.class
2002.06.29 11:31 B C:\jes\gui\Generation$2.class --> towel.cs.utexas.edu /u/kstanley/proposaldir/jneatcommon/jes/gui Generation$2.class
2002.06.29 11:31 B C:\jes\gui\Generation.class --> towel.cs.utexas.edu /u/kstanley/proposaldir/jneatcommon/jes/gui Generation.class
2002.06.29 11:31 B C:\jes\gui\Generation.java --> towel.cs.utexas.edu /u/kstanley/proposaldir/jneatcommon/jes/gui Generation.java
2002.06.29 11:31 B C:\jes\gui\Grafi$1.class --> towel.cs.utexas.edu /u/kstanley/proposaldir/jneatcommon/jes/gui Grafi$1.class
2002.06.29 11:31 B C:\jes\gui\Grafi.class --> towel.cs.utexas.edu /u/kstanley/proposaldir/jneatcommon/jes/gui Grafi.class
2002.06.29 11:31 B C:\jes\gui\Grafi.java --> towel.cs.utexas.edu /u/kstanley/proposaldir/jneatcommon/jes/gui Grafi.java
2002.06.29 11:31 B C:\jes\gui\hs_err_pid1240.log --> towel.cs.utexas.edu /u/kstanley/proposaldir/jneatcommon/jes/gui hs_err_pid1240.log
2002.06.29 11:31 B C:\jes\gui\MainGui$1.class --> towel.cs.utexas.edu /u/kstanley/proposaldir/jneatcommon/jes/gui MainGui$1.class
2002.06.29 11:31 B C:\jes\gui\MainGui.class --> towel.cs.utexas.edu /u/kstanley/proposaldir/jneatcommon/jes/gui MainGui.class
2002.06.29 11:31 B C:\jes\gui\MainGui.java --> towel.cs.utexas.edu /u/kstanley/proposaldir/jneatcommon/jes/gui MainGui.java
2002.06.29 11:31 B C:\jes\gui\MyClassLoader.java --> towel.cs.utexas.edu /u/kstanley/proposaldir/jneatcommon/jes/gui MyClassLoader.java
2002.06.29 11:31 B C:\jes\gui\Parameter$1.class --> towel.cs.utexas.edu /u/kstanley/proposaldir/jneatcommon/jes/gui Parameter$1.class
2002.06.29 11:31 B C:\jes\gui\Parameter.class --> towel.cs.utexas.edu /u/kstanley/proposaldir/jneatcommon/jes/gui Parameter.class
2002.06.29 11:31 B C:\jes\gui\Parameter.java --> towel.cs.utexas.edu /u/kstanley/proposaldir/jneatcommon/jes/gui Parameter.java
2002.06.29 11:31 B C:\jes\gui\parametri --> towel.cs.utexas.edu /u/kstanley/proposaldir/jneatcommon/jes/gui parametri
2002.06.29 11:31 B C:\jes\gui\ParamValue.class --> towel.cs.utexas.edu /u/kstanley/proposaldir/jneatcommon/jes/gui ParamValue.class
2002.06.29 11:31 B C:\jes\gui\ParamValue.java --> towel.cs.utexas.edu /u/kstanley/proposaldir/jneatcommon/jes/gui ParamValue.java
2002.06.29 11:31 B C:\jes\gui\RUN.BAT --> towel.cs.utexas.edu /u/kstanley/proposaldir/jneatcommon/jes/gui RUN.BAT
2002.06.29 11:31 B C:\jes\gui\run.sh --> towel.cs.utexas.edu /u/kstanley/proposaldir/jneatcommon/jes/gui run.sh
2002.06.29 11:31 B C:\jes\gui\run.sh~ --> towel.cs.utexas.edu /u/kstanley/proposaldir/jneatcommon/jes/gui run.sh~
2002.06.29 11:31 B C:\jes\gui\RUN14.BAT --> towel.cs.utexas.edu /u/kstanley/proposaldir/jneatcommon/jes/gui RUN14.BAT
2002.06.29 11:31 B C:\jes\gui\session --> towel.cs.utexas.edu /u/kstanley/proposaldir/jneatcommon/jes/gui session
2002.06.29 11:31 B C:\jes\gui\Session$1.class --> towel.cs.utexas.edu /u/kstanley/proposaldir/jneatcommon/jes/gui Session$1.class
2002.06.29 11:31 B C:\jes\gui\Session$2.class --> towel.cs.utexas.edu /u/kstanley/proposaldir/jneatcommon/jes/gui Session$2.class
2002.06.29 11:31 B C:\jes\gui\Session$3.class --> towel.cs.utexas.edu /u/kstanley/proposaldir/jneatcommon/jes/gui Session$3.class
2002.06.29 11:31 B C:\jes\gui\Session.class --> towel.cs.utexas.edu /u/kstanley/proposaldir/jneatcommon/jes/gui Session.class
2002.06.29 11:31 B C:\jes\gui\Session.java --> towel.cs.utexas.edu /u/kstanley/proposaldir/jneatcommon/jes/gui Session.java
2002.06.29 11:31 B C:\jes\gui\session_parity --> towel.cs.utexas.edu /u/kstanley/proposaldir/jneatcommon/jes/gui session_parity
2002.06.29 11:31 B C:\jes\gui\session_xor --> towel.cs.utexas.edu /u/kstanley/proposaldir/jneatcommon/jes/gui session_xor
2002.06.29 11:31 B C:\jes\gui\vectTableModel.class --> towel.cs.utexas.edu /u/kstanley/proposaldir/jneatcommon/jes/gui vectTableModel.class
2002.06.29 11:31 B C:\jes\gui\vectTableModel.java --> towel.cs.utexas.edu /u/kstanley/proposaldir/jneatcommon/jes/gui vectTableModel.java
2002.06.29 11:31 B C:\jes\gui\xor_fit.class --> towel.cs.utexas.edu /u/kstanley/proposaldir/jneatcommon/jes/gui xor_fit.class
2002.06.29 11:31 B C:\jes\gui\xor_fit.java --> towel.cs.utexas.edu /u/kstanley/proposaldir/jneatcommon/jes/gui xor_fit.java
2002.06.29 11:31 B C:\jes\gui\xor_out --> towel.cs.utexas.edu /u/kstanley/proposaldir/jneatcommon/jes/gui xor_out
2002.06.29 11:31 B C:\jes\gui\xor_out.class --> towel.cs.utexas.edu /u/kstanley/proposaldir/jneatcommon/jes/gui xor_out.class
2002.06.29 11:31 B C:\jes\gui\xor_out.java --> towel.cs.utexas.edu /u/kstanley/proposaldir/jneatcommon/jes/gui xor_out.java
2002.06.29 11:35 B C:\jes\gui\bin_inp --> towel.cs.utexas.edu /u/kstanley/proposaldir/jneatcommon/jes/gui bin_inp
2002.06.29 11:35 B C:\jes\gui\bin_inp.class --> towel.cs.utexas.edu /u/kstanley/proposaldir/jneatcommon/jes/gui bin_inp.class
2002.06.29 11:35 B C:\jes\gui\bin_inp.java --> towel.cs.utexas.edu /u/kstanley/proposaldir/jneatcommon/jes/gui bin_inp.java
2002.06.29 11:35 B C:\jes\gui\COMP.BAT --> towel.cs.utexas.edu /u/kstanley/proposaldir/jneatcommon/jes/gui COMP.BAT
2002.06.29 11:35 B C:\jes\gui\COMP14.BAT --> towel.cs.utexas.edu /u/kstanley/proposaldir/jneatcommon/jes/gui COMP14.BAT
2002.06.29 11:35 B C:\jes\gui\COMPALL.BAT --> towel.cs.utexas.edu /u/kstanley/proposaldir/jneatcommon/jes/gui COMPALL.BAT
2002.06.29 11:35 B C:\jes\gui\compall14.BAT --> towel.cs.utexas.edu /u/kstanley/proposaldir/jneatcommon/jes/gui compall14.BAT
2002.06.29 11:35 B C:\jes\gui\compila.sh --> towel.cs.utexas.edu /u/kstanley/proposaldir/jneatcommon/jes/gui compila.sh
2002.06.29 11:35 B C:\jes\gui\compila.sh~ --> towel.cs.utexas.edu /u/kstanley/proposaldir/jneatcommon/jes/gui compila.sh~
2002.06.29 11:35 B C:\jes\gui\compilall.sh --> towel.cs.utexas.edu /u/kstanley/proposaldir/jneatcommon/jes/gui compilall.sh
2002.06.29 11:35 B C:\jes\gui\compilall.sh~ --> towel.cs.utexas.edu /u/kstanley/proposaldir/jneatcommon/jes/gui compilall.sh~
2002.06.29 11:35 B C:\jes\gui\Copy of COMPALL.BAT --> towel.cs.utexas.edu /u/kstanley/proposaldir/jneatcommon/jes/gui Copy of COMPALL.BAT
2002.06.29 11:35 B C:\jes\gui\Copy of RUN.BAT --> towel.cs.utexas.edu /u/kstanley/proposaldir/jneatcommon/jes/gui Copy of RUN.BAT
2002.06.29 11:35 B C:\jes\gui\Execution.class --> towel.cs.utexas.edu /u/kstanley/proposaldir/jneatcommon/jes/gui Execution.class
2002.06.29 11:35 B C:\jes\gui\Execution.java --> towel.cs.utexas.edu /u/kstanley/proposaldir/jneatcommon/jes/gui Execution.java
2002.06.29 11:35 B C:\jes\gui\f_bin_inp --> towel.cs.utexas.edu /u/kstanley/proposaldir/jneatcommon/jes/gui f_bin_inp
2002.06.29 11:35 B C:\jes\gui\f_inp_parity --> towel.cs.utexas.edu /u/kstanley/proposaldir/jneatcommon/jes/gui f_inp_parity
2002.06.29 11:35 B C:\jes\gui\f_out_parity --> towel.cs.utexas.edu /u/kstanley/proposaldir/jneatcommon/jes/gui f_out_parity
2002.06.29 11:35 B C:\jes\gui\f_xor_out --> towel.cs.utexas.edu /u/kstanley/proposaldir/jneatcommon/jes/gui f_xor_out
2002.06.29 11:35 B C:\jes\gui\fitness_parity.class --> towel.cs.utexas.edu /u/kstanley/proposaldir/jneatcommon/jes/gui fitness_parity.class
2002.06.29 11:35 B C:\jes\gui\fitness_parity.java --> towel.cs.utexas.edu /u/kstanley/proposaldir/jneatcommon/jes/gui fitness_parity.java
2002.06.29 11:35 B C:\jes\gui\Generation$1.class --> towel.cs.utexas.edu /u/kstanley/proposaldir/jneatcommon/jes/gui Generation$1.class
2002.06.29 11:35 B C:\jes\gui\Generation$2.class --> towel.cs.utexas.edu /u/kstanley/proposaldir/jneatcommon/jes/gui Generation$2.class
2002.06.29 11:35 B C:\jes\gui\Generation.class --> towel.cs.utexas.edu /u/kstanley/proposaldir/jneatcommon/jes/gui Generation.class
2002.06.29 11:35 B C:\jes\gui\Generation.java --> towel.cs.utexas.edu /u/kstanley/proposaldir/jneatcommon/jes/gui Generation.java
2002.06.29 11:35 B C:\jes\gui\Grafi$1.class --> towel.cs.utexas.edu /u/kstanley/proposaldir/jneatcommon/jes/gui Grafi$1.class
2002.06.29 11:35 B C:\jes\gui\Grafi.class --> towel.cs.utexas.edu /u/kstanley/proposaldir/jneatcommon/jes/gui Grafi.class
2002.06.29 11:35 B C:\jes\gui\Grafi.java --> towel.cs.utexas.edu /u/kstanley/proposaldir/jneatcommon/jes/gui Grafi.java
2002.06.29 11:35 B C:\jes\gui\hs_err_pid1240.log --> towel.cs.utexas.edu /u/kstanley/proposaldir/jneatcommon/jes/gui hs_err_pid1240.log
2002.06.29 11:35 B C:\jes\gui\MainGui$1.class --> towel.cs.utexas.edu /u/kstanley/proposaldir/jneatcommon/jes/gui MainGui$1.class
2002.06.29 11:35 B C:\jes\gui\MainGui.class --> towel.cs.utexas.edu /u/kstanley/proposaldir/jneatcommon/jes/gui MainGui.class
2002.06.29 11:35 B C:\jes\gui\MainGui.java --> towel.cs.utexas.edu /u/kstanley/proposaldir/jneatcommon/jes/gui MainGui.java
2002.06.29 11:35 B C:\jes\gui\MyClassLoader.java --> towel.cs.utexas.edu /u/kstanley/proposaldir/jneatcommon/jes/gui MyClassLoader.java
2002.06.29 11:35 B C:\jes\gui\Parameter$1.class --> towel.cs.utexas.edu /u/kstanley/proposaldir/jneatcommon/jes/gui Parameter$1.class
2002.06.29 11:35 B C:\jes\gui\Parameter.class --> towel.cs.utexas.edu /u/kstanley/proposaldir/jneatcommon/jes/gui Parameter.class
2002.06.29 11:35 B C:\jes\gui\Parameter.java --> towel.cs.utexas.edu /u/kstanley/proposaldir/jneatcommon/jes/gui Parameter.java
2002.06.29 11:35 B C:\jes\gui\parametri --> towel.cs.utexas.edu /u/kstanley/proposaldir/jneatcommon/jes/gui parametri
2002.06.29 11:35 B C:\jes\gui\ParamValue.class --> towel.cs.utexas.edu /u/kstanley/proposaldir/jneatcommon/jes/gui ParamValue.class
2002.06.29 11:35 B C:\jes\gui\ParamValue.java --> towel.cs.utexas.edu /u/kstanley/proposaldir/jneatcommon/jes/gui ParamValue.java
2002.06.29 11:35 B C:\jes\gui\RUN.BAT --> towel.cs.utexas.edu /u/kstanley/proposaldir/jneatcommon/jes/gui RUN.BAT
2002.06.29 11:35 B C:\jes\gui\run.sh --> towel.cs.utexas.edu /u/kstanley/proposaldir/jneatcommon/jes/gui run.sh
2002.06.29 11:35 B C:\jes\gui\run.sh~ --> towel.cs.utexas.edu /u/kstanley/proposaldir/jneatcommon/jes/gui run.sh~
2002.06.29 11:35 B C:\jes\gui\RUN14.BAT --> towel.cs.utexas.edu /u/kstanley/proposaldir/jneatcommon/jes/gui RUN14.BAT
2002.06.29 11:35 B C:\jes\gui\session --> towel.cs.utexas.edu /u/kstanley/proposaldir/jneatcommon/jes/gui session
2002.06.29 11:35 B C:\jes\gui\Session$1.class --> towel.cs.utexas.edu /u/kstanley/proposaldir/jneatcommon/jes/gui Session$1.class
2002.06.29 11:35 B C:\jes\gui\Session$2.class --> towel.cs.utexas.edu /u/kstanley/proposaldir/jneatcommon/jes/gui Session$2.class
2002.06.29 11:35 B C:\jes\gui\Session$3.class --> towel.cs.utexas.edu /u/kstanley/proposaldir/jneatcommon/jes/gui Session$3.class
2002.06.29 11:35 B C:\jes\gui\Session.class --> towel.cs.utexas.edu /u/kstanley/proposaldir/jneatcommon/jes/gui Session.class
2002.06.29 11:35 B C:\jes\gui\Session.java --> towel.cs.utexas.edu /u/kstanley/proposaldir/jneatcommon/jes/gui Session.java
2002.06.29 11:35 B C:\jes\gui\session_parity --> towel.cs.utexas.edu /u/kstanley/proposaldir/jneatcommon/jes/gui session_parity
2002.06.29 11:35 B C:\jes\gui\session_xor --> towel.cs.utexas.edu /u/kstanley/proposaldir/jneatcommon/jes/gui session_xor
2002.06.29 11:35 B C:\jes\gui\vectTableModel.class --> towel.cs.utexas.edu /u/kstanley/proposaldir/jneatcommon/jes/gui vectTableModel.class
2002.06.29 11:35 B C:\jes\gui\vectTableModel.java --> towel.cs.utexas.edu /u/kstanley/proposaldir/jneatcommon/jes/gui vectTableModel.java
